<?xml version="1.0" encoding="UTF-8"?>
<Site BuildName="(empty)"
	BuildStamp="20250505-1249-Experimental"
	Name="(empty)"
	Generator="ctest-3.22.1"
	CompilerName=""
	CompilerVersion=""
	OSName="Linux"
	Hostname="ThroughMountain"
	OSRelease="6.8.0-58-generic"
	OSVersion="#60~22.04.1-Ubuntu SMP PREEMPT_DYNAMIC Fri Mar 28 16:09:21 UTC 2"
	OSPlatform="x86_64"
	Is64Bits="1"
	VendorString="GenuineIntel"
	VendorID="Intel Corporation"
	FamilyID="6"
	ModelID="154"
	ProcessorCacheSize="12288"
	NumberOfLogicalCPU="4"
	NumberOfPhysicalCPU="4"
	TotalVirtualMemory="4289"
	TotalPhysicalMemory="1920"
	LogicalProcessorsPerPhysical="1"
	ProcessorClockFrequency="2112.01"
	>
	<Testing>
		<StartDateTime>May 05 21:22 CST</StartDateTime>
		<StartTestTime>1746451356</StartTestTime>
		<TestList/>
		<EndDateTime>May 05 21:22 CST</EndDateTime>
		<EndTestTime>1746451356</EndTestTime>
		<ElapsedMinutes>0</ElapsedMinutes>
	</Testing>
</Site>
